# JRE version: OpenJDK Runtime Environment (8.0_202-b03) (build 1.8.0_202-release-1483-b03)
# Java VM: OpenJDK 64-Bit Server VM (25.202-b03 mixed mode windows-amd64 compressed oops)
Heap:
 PSYoungGen      total 290816K, used 85710K [0x00000000e0000000, 0x00000000f5200000, 0x0000000100000000)
  eden space 269312K, 23% used [0x00000000e0000000,0x00000000e3eb6268,0x00000000f0700000)
  from space 21504K, 99% used [0x00000000f2200000,0x00000000f36fd778,0x00000000f3700000)
  to   space 27648K, 0% used [0x00000000f0700000,0x00000000f0700000,0x00000000f2200000)
 ParOldGen       total 120832K, used 42253K [0x00000000a0000000, 0x00000000a7600000, 0x00000000e0000000)
  object space 120832K, 34% used [0x00000000a0000000,0x00000000a29436f0,0x00000000a7600000)
 Metaspace       used 89275K, capacity 94130K, committed 94424K, reserved 1130496K
  class space    used 11775K, capacity 12684K, committed 12800K, reserved 1048576K
GC Heap History (10 events):
Event: 11.205 GC heap before
{Heap before GC invocations=15 (full 3):
 PSYoungGen      total 195584K, used 848K [0x00000000e0000000, 0x00000000ef100000, 0x0000000100000000)
  eden space 177152K, 0% used [0x00000000e0000000,0x00000000e0000000,0x00000000ead00000)
  from space 18432K, 4% used [0x00000000ebf80000,0x00000000ec054010,0x00000000ed180000)
  to   space 18944K, 0% used [0x00000000ead00000,0x00000000ead00000,0x00000000ebf80000)
 ParOldGen       total 88576K, used 33796K [0x00000000a0000000, 0x00000000a5680000, 0x00000000e0000000)
  object space 88576K, 38% used [0x00000000a0000000,0x00000000a2101098,0x00000000a5680000)
 Metaspace       used 56985K, capacity 58974K, committed 59028K, reserved 1099776K
  class space    used 7809K, capacity 8266K, committed 8320K, reserved 1048576K
Event: 11.495 GC heap after
Heap after GC invocations=15 (full 3):
 PSYoungGen      total 195584K, used 0K [0x00000000e0000000, 0x00000000ef100000, 0x0000000100000000)
  eden space 177152K, 0% used [0x00000000e0000000,0x00000000e0000000,0x00000000ead00000)
  from space 18432K, 0% used [0x00000000ebf80000,0x00000000ebf80000,0x00000000ed180000)
  to   space 18944K, 0% used [0x00000000ead00000,0x00000000ead00000,0x00000000ebf80000)
 ParOldGen       total 120832K, used 27794K [0x00000000a0000000, 0x00000000a7600000, 0x00000000e0000000)
  object space 120832K, 23% used [0x00000000a0000000,0x00000000a1b249f0,0x00000000a7600000)
 Metaspace       used 56810K, capacity 58474K, committed 59028K, reserved 1099776K
  class space    used 7757K, capacity 8172K, committed 8320K, reserved 1048576K
}
Event: 432.256 GC heap before
{Heap before GC invocations=16 (full 3):
 PSYoungGen      total 195584K, used 177152K [0x00000000e0000000, 0x00000000ef100000, 0x0000000100000000)
  eden space 177152K, 100% used [0x00000000e0000000,0x00000000ead00000,0x00000000ead00000)
  from space 18432K, 0% used [0x00000000ebf80000,0x00000000ebf80000,0x00000000ed180000)
  to   space 18944K, 0% used [0x00000000ead00000,0x00000000ead00000,0x00000000ebf80000)
 ParOldGen       total 120832K, used 27794K [0x00000000a0000000, 0x00000000a7600000, 0x00000000e0000000)
  object space 120832K, 23% used [0x00000000a0000000,0x00000000a1b249f0,0x00000000a7600000)
 Metaspace       used 66870K, capacity 69402K, committed 69592K, reserved 1110016K
  class space    used 8877K, capacity 9394K, committed 9472K, reserved 1048576K
Event: 432.273 GC heap after
Heap after GC invocations=16 (full 3):
 PSYoungGen      total 196096K, used 16298K [0x00000000e0000000, 0x00000000f0b80000, 0x0000000100000000)
  eden space 177152K, 0% used [0x00000000e0000000,0x00000000e0000000,0x00000000ead00000)
  from space 18944K, 86% used [0x00000000ead00000,0x00000000ebceaac0,0x00000000ebf80000)
  to   space 20992K, 0% used [0x00000000ef700000,0x00000000ef700000,0x00000000f0b80000)
 ParOldGen       total 120832K, used 27802K [0x00000000a0000000, 0x00000000a7600000, 0x00000000e0000000)
  object space 120832K, 23% used [0x00000000a0000000,0x00000000a1b269f0,0x00000000a7600000)
 Metaspace       used 66870K, capacity 69402K, committed 69592K, reserved 1110016K
  class space    used 8877K, capacity 9394K, committed 9472K, reserved 1048576K
}
Event: 633.123 GC heap before
{Heap before GC invocations=17 (full 3):
 PSYoungGen      total 196096K, used 193450K [0x00000000e0000000, 0x00000000f0b80000, 0x0000000100000000)
  eden space 177152K, 100% used [0x00000000e0000000,0x00000000ead00000,0x00000000ead00000)
  from space 18944K, 86% used [0x00000000ead00000,0x00000000ebceaac0,0x00000000ebf80000)
  to   space 20992K, 0% used [0x00000000ef700000,0x00000000ef700000,0x00000000f0b80000)
 ParOldGen       total 120832K, used 27802K [0x00000000a0000000, 0x00000000a7600000, 0x00000000e0000000)
  object space 120832K, 23% used [0x00000000a0000000,0x00000000a1b269f0,0x00000000a7600000)
 Metaspace       used 72012K, capacity 74970K, committed 75096K, reserved 1114112K
  class space    used 9484K, capacity 10088K, committed 10112K, reserved 1048576K
Event: 633.133 GC heap after
Heap after GC invocations=17 (full 3):
 PSYoungGen      total 236544K, used 7462K [0x00000000e0000000, 0x00000000f0280000, 0x0000000100000000)
  eden space 224768K, 0% used [0x00000000e0000000,0x00000000e0000000,0x00000000edb80000)
  from space 11776K, 63% used [0x00000000ef700000,0x00000000efe49828,0x00000000f0280000)
  to   space 19968K, 0% used [0x00000000edb80000,0x00000000edb80000,0x00000000eef00000)
 ParOldGen       total 120832K, used 35243K [0x00000000a0000000, 0x00000000a7600000, 0x00000000e0000000)
  object space 120832K, 29% used [0x00000000a0000000,0x00000000a226ac60,0x00000000a7600000)
 Metaspace       used 72012K, capacity 74970K, committed 75096K, reserved 1114112K
  class space    used 9484K, capacity 10088K, committed 10112K, reserved 1048576K
}
Event: 3714.961 GC heap before
{Heap before GC invocations=18 (full 3):
 PSYoungGen      total 236544K, used 232230K [0x00000000e0000000, 0x00000000f0280000, 0x0000000100000000)
  eden space 224768K, 100% used [0x00000000e0000000,0x00000000edb80000,0x00000000edb80000)
  from space 11776K, 63% used [0x00000000ef700000,0x00000000efe49828,0x00000000f0280000)
  to   space 19968K, 0% used [0x00000000edb80000,0x00000000edb80000,0x00000000eef00000)
 ParOldGen       total 120832K, used 35243K [0x00000000a0000000, 0x00000000a7600000, 0x00000000e0000000)
  object space 120832K, 29% used [0x00000000a0000000,0x00000000a226ac60,0x00000000a7600000)
 Metaspace       used 74835K, capacity 78072K, committed 78296K, reserved 1118208K
  class space    used 9758K, capacity 10419K, committed 10496K, reserved 1048576K
Event: 3715.083 GC heap after
Heap after GC invocations=18 (full 3):
 PSYoungGen      total 244736K, used 16629K [0x00000000e0000000, 0x00000000f3700000, 0x0000000100000000)
  eden space 224768K, 0% used [0x00000000e0000000,0x00000000e0000000,0x00000000edb80000)
  from space 19968K, 83% used [0x00000000edb80000,0x00000000eebbd7d8,0x00000000eef00000)
  to   space 21504K, 0% used [0x00000000f2200000,0x00000000f2200000,0x00000000f3700000)
 ParOldGen       total 120832K, used 35251K [0x00000000a0000000, 0x00000000a7600000, 0x00000000e0000000)
  object space 120832K, 29% used [0x00000000a0000000,0x00000000a226cc60,0x00000000a7600000)
 Metaspace       used 74835K, capacity 78072K, committed 78296K, reserved 1118208K
  class space    used 9758K, capacity 10419K, committed 10496K, reserved 1048576K
}
Event: 3718.714 GC heap before
{Heap before GC invocations=19 (full 3):
 PSYoungGen      total 244736K, used 241397K [0x00000000e0000000, 0x00000000f3700000, 0x0000000100000000)
  eden space 224768K, 100% used [0x00000000e0000000,0x00000000edb80000,0x00000000edb80000)
  from space 19968K, 83% used [0x00000000edb80000,0x00000000eebbd7d8,0x00000000eef00000)
  to   space 21504K, 0% used [0x00000000f2200000,0x00000000f2200000,0x00000000f3700000)
 ParOldGen       total 120832K, used 35251K [0x00000000a0000000, 0x00000000a7600000, 0x00000000e0000000)
  object space 120832K, 29% used [0x00000000a0000000,0x00000000a226cc60,0x00000000a7600000)
 Metaspace       used 87886K, capacity 92460K, committed 92632K, reserved 1130496K
  class space    used 11567K, capacity 12449K, committed 12544K, reserved 1048576K
Event: 3718.985 GC heap after
Heap after GC invocations=19 (full 3):
 PSYoungGen      total 290816K, used 21493K [0x00000000e0000000, 0x00000000f5200000, 0x0000000100000000)
  eden space 269312K, 0% used [0x00000000e0000000,0x00000000e0000000,0x00000000f0700000)
  from space 21504K, 99% used [0x00000000f2200000,0x00000000f36fd778,0x00000000f3700000)
  to   space 27648K, 0% used [0x00000000f0700000,0x00000000f0700000,0x00000000f2200000)
 ParOldGen       total 120832K, used 42253K [0x00000000a0000000, 0x00000000a7600000, 0x00000000e0000000)
  object space 120832K, 34% used [0x00000000a0000000,0x00000000a29436f0,0x00000000a7600000)
 Metaspace       used 87886K, capacity 92460K, committed 92632K, reserved 1130496K
  class space    used 11567K, capacity 12449K, committed 12544K, reserved 1048576K
}

